<?xml version="1.0" encoding="UTF-8"?>
<testsuite name="app.controller.BookControllerTest" time="0.265" tests="5" errors="0" skipped="0" failures="1">
  <properties>
[...]
</properties>
  <testcase name="testUpdateBookDetails" classname="app.controller.BookControllerTest" time="0.21"/>
  <testcase name="testCreateBookApi" classname="app.controller.BookControllerTest" time="0.012"/>
  <testcase name="testGetAllBooksApi" classname="app.controller.BookControllerTest" time="0.017">
    <failure type="java.lang.AssertionError:">java.lang.AssertionError: null
	at org.junit.Assert.fail(Assert.java:86)
	at org.junit.Assert.assertTrue(Assert.java:41)
	at org.junit.Assert.assertTrue(Assert.java:52)
	at app.controller.BookControllerTest.testGetAllBooksApi(BookControllerTest.java:187)
</failure>
  </testcase>
  <testcase name="testGetBookDetailsApi" classname="app.controller.BookControllerTest" time="0.018"/>
  <testcase name="testDeleteBookApi" classname="app.controller.BookControllerTest" time="0.008"/>
</testsuite>